Generated at 2019-06-22 08:18:18 +0000
Chef::Exceptions::FileNotFound: template[/var/www/html/index.html] (httpd_deploy::default line 10) had an error: Chef::Exceptions::FileNotFound: Cookbook 'httpd_deploy' (0.1.0) does not contain a file at any of these locations:
  templates/host-db.domain.name/index.html.erb
  templates/centos-7.4.1708/index.html.erb
  templates/centos/index.html.erb
  templates/default/index.html.erb
  templates/index.html.erb
/opt/chefdk/embedded/lib/ruby/gems/2.6.0/gems/chef-15.0.300/lib/chef/cookbook_version.rb:264:in `preferred_manifest_record'
/opt/chefdk/embedded/lib/ruby/gems/2.6.0/gems/chef-15.0.300/lib/chef/cookbook_version.rb:272:in `preferred_filename_on_disk_location'
/opt/chefdk/embedded/lib/ruby/gems/2.6.0/gems/chef-15.0.300/lib/chef/provider/template_finder.rb:40:in `find'
/opt/chefdk/embedded/lib/ruby/gems/2.6.0/gems/chef-15.0.300/lib/chef/provider/template/content.rb:32:in `template_location'
/opt/chefdk/embedded/lib/ruby/gems/2.6.0/gems/chef-15.0.300/lib/chef/provider/template.rb:43:in `block in define_resource_requirements'
/opt/chefdk/embedded/lib/ruby/gems/2.6.0/gems/chef-15.0.300/lib/chef/mixin/why_run.rb:309:in `assert'
/opt/chefdk/embedded/lib/ruby/gems/2.6.0/gems/chef-15.0.300/lib/chef/provider/template.rb:41:in `define_resource_requirements'
/opt/chefdk/embedded/lib/ruby/gems/2.6.0/gems/chef-15.0.300/lib/chef/provider.rb:177:in `run_action'
/opt/chefdk/embedded/lib/ruby/gems/2.6.0/gems/chef-15.0.300/lib/chef/resource.rb:584:in `run_action'
/opt/chefdk/embedded/lib/ruby/gems/2.6.0/gems/chef-15.0.300/lib/chef/runner.rb:70:in `run_action'
/opt/chefdk/embedded/lib/ruby/gems/2.6.0/gems/chef-15.0.300/lib/chef/runner.rb:99:in `block (2 levels) in converge'
/opt/chefdk/embedded/lib/ruby/gems/2.6.0/gems/chef-15.0.300/lib/chef/runner.rb:99:in `each'
/opt/chefdk/embedded/lib/ruby/gems/2.6.0/gems/chef-15.0.300/lib/chef/runner.rb:99:in `block in converge'
/opt/chefdk/embedded/lib/ruby/gems/2.6.0/gems/chef-15.0.300/lib/chef/resource_collection/resource_list.rb:94:in `block in execute_each_resource'
/opt/chefdk/embedded/lib/ruby/gems/2.6.0/gems/chef-15.0.300/lib/chef/resource_collection/stepable_iterator.rb:114:in `call_iterator_block'
/opt/chefdk/embedded/lib/ruby/gems/2.6.0/gems/chef-15.0.300/lib/chef/resource_collection/stepable_iterator.rb:85:in `step'
/opt/chefdk/embedded/lib/ruby/gems/2.6.0/gems/chef-15.0.300/lib/chef/resource_collection/stepable_iterator.rb:103:in `iterate'
/opt/chefdk/embedded/lib/ruby/gems/2.6.0/gems/chef-15.0.300/lib/chef/resource_collection/stepable_iterator.rb:55:in `each_with_index'
/opt/chefdk/embedded/lib/ruby/gems/2.6.0/gems/chef-15.0.300/lib/chef/resource_collection/resource_list.rb:92:in `execute_each_resource'
/opt/chefdk/embedded/lib/ruby/2.6.0/forwardable.rb:230:in `execute_each_resource'
/opt/chefdk/embedded/lib/ruby/gems/2.6.0/gems/chef-15.0.300/lib/chef/runner.rb:97:in `converge'
/opt/chefdk/embedded/lib/ruby/gems/2.6.0/gems/chef-15.0.300/lib/chef/client.rb:704:in `block in converge'
/opt/chefdk/embedded/lib/ruby/gems/2.6.0/gems/chef-15.0.300/lib/chef/client.rb:699:in `catch'
/opt/chefdk/embedded/lib/ruby/gems/2.6.0/gems/chef-15.0.300/lib/chef/client.rb:699:in `converge'
/opt/chefdk/embedded/lib/ruby/gems/2.6.0/gems/chef-15.0.300/lib/chef/client.rb:723:in `converge_and_save'
/opt/chefdk/embedded/lib/ruby/gems/2.6.0/gems/chef-15.0.300/lib/chef/client.rb:289:in `run'
/opt/chefdk/embedded/lib/ruby/gems/2.6.0/gems/chef-15.0.300/lib/chef/application.rb:314:in `run_with_graceful_exit_option'
/opt/chefdk/embedded/lib/ruby/gems/2.6.0/gems/chef-15.0.300/lib/chef/application.rb:290:in `block in run_chef_client'
/opt/chefdk/embedded/lib/ruby/gems/2.6.0/gems/chef-15.0.300/lib/chef/local_mode.rb:41:in `with_server_connectivity'
/opt/chefdk/embedded/lib/ruby/gems/2.6.0/gems/chef-15.0.300/lib/chef/application.rb:273:in `run_chef_client'
/opt/chefdk/embedded/lib/ruby/gems/2.6.0/gems/chef-15.0.300/lib/chef/application/client.rb:447:in `run_application'
/opt/chefdk/embedded/lib/ruby/gems/2.6.0/gems/chef-15.0.300/lib/chef/application.rb:69:in `run'
/opt/chefdk/embedded/lib/ruby/gems/2.6.0/gems/chef-bin-15.0.300/bin/chef-client:25:in `<top (required)>'
/opt/chefdk/embedded/bin/chef-client:23:in `load'
/opt/chefdk/embedded/bin/chef-client:23:in `<main>'

>>>> Caused by Chef::Exceptions::FileNotFound: Cookbook 'httpd_deploy' (0.1.0) does not contain a file at any of these locations:
  templates/host-db.domain.name/index.html.erb
  templates/centos-7.4.1708/index.html.erb
  templates/centos/index.html.erb
  templates/default/index.html.erb
  templates/index.html.erb
/opt/chefdk/embedded/lib/ruby/gems/2.6.0/gems/chef-15.0.300/lib/chef/cookbook_version.rb:264:in `preferred_manifest_record'
/opt/chefdk/embedded/lib/ruby/gems/2.6.0/gems/chef-15.0.300/lib/chef/cookbook_version.rb:272:in `preferred_filename_on_disk_location'
/opt/chefdk/embedded/lib/ruby/gems/2.6.0/gems/chef-15.0.300/lib/chef/provider/template_finder.rb:40:in `find'
/opt/chefdk/embedded/lib/ruby/gems/2.6.0/gems/chef-15.0.300/lib/chef/provider/template/content.rb:32:in `template_location'
/opt/chefdk/embedded/lib/ruby/gems/2.6.0/gems/chef-15.0.300/lib/chef/provider/template.rb:43:in `block in define_resource_requirements'
/opt/chefdk/embedded/lib/ruby/gems/2.6.0/gems/chef-15.0.300/lib/chef/mixin/why_run.rb:309:in `assert'
/opt/chefdk/embedded/lib/ruby/gems/2.6.0/gems/chef-15.0.300/lib/chef/provider/template.rb:41:in `define_resource_requirements'
/opt/chefdk/embedded/lib/ruby/gems/2.6.0/gems/chef-15.0.300/lib/chef/provider.rb:177:in `run_action'
/opt/chefdk/embedded/lib/ruby/gems/2.6.0/gems/chef-15.0.300/lib/chef/resource.rb:584:in `run_action'
/opt/chefdk/embedded/lib/ruby/gems/2.6.0/gems/chef-15.0.300/lib/chef/runner.rb:70:in `run_action'
/opt/chefdk/embedded/lib/ruby/gems/2.6.0/gems/chef-15.0.300/lib/chef/runner.rb:99:in `block (2 levels) in converge'
/opt/chefdk/embedded/lib/ruby/gems/2.6.0/gems/chef-15.0.300/lib/chef/runner.rb:99:in `each'
/opt/chefdk/embedded/lib/ruby/gems/2.6.0/gems/chef-15.0.300/lib/chef/runner.rb:99:in `block in converge'
/opt/chefdk/embedded/lib/ruby/gems/2.6.0/gems/chef-15.0.300/lib/chef/resource_collection/resource_list.rb:94:in `block in execute_each_resource'
/opt/chefdk/embedded/lib/ruby/gems/2.6.0/gems/chef-15.0.300/lib/chef/resource_collection/stepable_iterator.rb:114:in `call_iterator_block'
/opt/chefdk/embedded/lib/ruby/gems/2.6.0/gems/chef-15.0.300/lib/chef/resource_collection/stepable_iterator.rb:85:in `step'
/opt/chefdk/embedded/lib/ruby/gems/2.6.0/gems/chef-15.0.300/lib/chef/resource_collection/stepable_iterator.rb:103:in `iterate'
/opt/chefdk/embedded/lib/ruby/gems/2.6.0/gems/chef-15.0.300/lib/chef/resource_collection/stepable_iterator.rb:55:in `each_with_index'
/opt/chefdk/embedded/lib/ruby/gems/2.6.0/gems/chef-15.0.300/lib/chef/resource_collection/resource_list.rb:92:in `execute_each_resource'
/opt/chefdk/embedded/lib/ruby/2.6.0/forwardable.rb:230:in `execute_each_resource'
/opt/chefdk/embedded/lib/ruby/gems/2.6.0/gems/chef-15.0.300/lib/chef/runner.rb:97:in `converge'
/opt/chefdk/embedded/lib/ruby/gems/2.6.0/gems/chef-15.0.300/lib/chef/client.rb:704:in `block in converge'
/opt/chefdk/embedded/lib/ruby/gems/2.6.0/gems/chef-15.0.300/lib/chef/client.rb:699:in `catch'
/opt/chefdk/embedded/lib/ruby/gems/2.6.0/gems/chef-15.0.300/lib/chef/client.rb:699:in `converge'
/opt/chefdk/embedded/lib/ruby/gems/2.6.0/gems/chef-15.0.300/lib/chef/client.rb:723:in `converge_and_save'
/opt/chefdk/embedded/lib/ruby/gems/2.6.0/gems/chef-15.0.300/lib/chef/client.rb:289:in `run'
/opt/chefdk/embedded/lib/ruby/gems/2.6.0/gems/chef-15.0.300/lib/chef/application.rb:314:in `run_with_graceful_exit_option'
/opt/chefdk/embedded/lib/ruby/gems/2.6.0/gems/chef-15.0.300/lib/chef/application.rb:290:in `block in run_chef_client'
/opt/chefdk/embedded/lib/ruby/gems/2.6.0/gems/chef-15.0.300/lib/chef/local_mode.rb:41:in `with_server_connectivity'
/opt/chefdk/embedded/lib/ruby/gems/2.6.0/gems/chef-15.0.300/lib/chef/application.rb:273:in `run_chef_client'
/opt/chefdk/embedded/lib/ruby/gems/2.6.0/gems/chef-15.0.300/lib/chef/application/client.rb:447:in `run_application'
/opt/chefdk/embedded/lib/ruby/gems/2.6.0/gems/chef-15.0.300/lib/chef/application.rb:69:in `run'
/opt/chefdk/embedded/lib/ruby/gems/2.6.0/gems/chef-bin-15.0.300/bin/chef-client:25:in `<top (required)>'
/opt/chefdk/embedded/bin/chef-client:23:in `load'
/opt/chefdk/embedded/bin/chef-client:23:in `<main>'